Exercise 2
Initial X-Coord: 0
Initial Y-Coord: 0
Moved to the right
Moved to the right
Moved up
Moved down
Moved down
Moved to the right
Moved to the right
Moved to the left
Moved up
Moved up
Moved down
Moved up
Moved down
Moved up
Final X-Coord: 3
Final Y-Coord: 1
Exercise 2
Initial X-Coordinate: 0
Initial Y-Coordinate: 0
Moved to the right
Moved to the right
Moved up
Moved down
Moved down
Moved to the right
Moved to the right
Moved to the left
Moved up
Moved up
Moved down
Moved up
Moved down
Moved up
Final X-Coordinate: 3
Final Y-Coordinate: 1
